#
# A fatal error has been detected by the Java Runtime Environment:
#
#  EXCEPTION_ACCESS_VIOLATION (0xc0000005) at pc=0x00007ffb0f601be9, pid=1772, tid=78268
#
# JRE version:  (18.0.1.1+2) (build )
# Java VM: Java HotSpot(TM) 64-Bit Server VM (18.0.1.1+2-6, mixed mode, sharing, tiered, unknown gc, windows-amd64)
# Problematic frame:
# C  [jimage.dll+0x1be9]
#
# No core dump will be written. Minidumps are not enabled by default on client versions of Windows
#
#

---------------  S U M M A R Y ------------

Command Line: 

Host: Intel(R) Core(TM) i5-10210U CPU @ 1.60GHz, 8 cores, 7G,  Windows 11 , 64 bit Build 22000 (10.0.22000.708)
Time: Wed Aug 17 19:37:53 2022 Eastern Daylight Time elapsed time: 0.035650 seconds (0d 0h 0m 0s)

---------------  T H R E A D  ---------------

Current thread is native thread

Stack: [0x0000005480900000,0x0000005480a00000],  sp=0x00000054809fd600,  free space=1013k
Native frames: (J=compiled Java code, j=interpreted, Vv=VM code, C=native code)
C  [jimage.dll+0x1be9]
C  [jimage.dll+0x1d77]
C  [jimage.dll+0x2655]
V  [jvm.dll+0x209d8a]
V  [jvm.dll+0xbcfbe]
V  [jvm.dll+0x7a0d4c]
V  [jvm.dll+0x40d6bf]
V  [jvm.dll+0x40f091]
C  [jli.dll+0x526b]
C  [ucrtbase.dll+0x26c0c]
C  [KERNEL32.DLL+0x154e0]
C  [ntdll.dll+0x485b]


siginfo: EXCEPTION_ACCESS_VIOLATION (0xc0000005), reading address 0x000000000000b78c


Registers:
RAX=0x0000000000002ddc, RBX=0x00000054809fd6f1, RCX=0x00007ffb0f606000, RDX=0x0000000000002ddc
RSP=0x00000054809fd600, RBP=0x00000054809fd6f0, RSI=0x000000000000723c, RDI=0x00000054809fd6f0
R8 =0x00007ffb0f604288, R9 =0x000000000000001c, R10=0x00007ffb07870000, R11=0x00007ffb0f606000
R12=0x0000000000000000, R13=0x00000054809ffb10, R14=0x00000054809fe760, R15=0x00007ffabd2a1488
RIP=0x00007ffb0f601be9, EFLAGS=0x0000000000010246

Top of Stack: (sp=0x00000054809fd600)
0x00000054809fd600:   0000000000000268 00007ffba80001a9
0x00000054809fd610:   0000024bd2bf0b3c 0000024bd2e30000
0x00000054809fd620:   0000024bd2e5cad0 00007ffb0f601d77
0x00000054809fd630:   000000000000000b 0000024bd2e5cad0
0x00000054809fd640:   00000000000006f5 00000000000006f5
0x00000054809fd650:   00000000000006f5 00007ffb225420fa
0x00000054809fd660:   0000024bd2e33650 0000024ba80001a9
0x00000054809fd670:   0000024bd2e30000 00007ffb000003ff
0x00000054809fd680:   00000000000006f5 0000024bd4fb0080
0x00000054809fd690:   000013c697371848 0000024bd2e30150
0x00000054809fd6a0:   00007ffabd280bc0 0000000000000017
0x00000054809fd6b0:   0000024bd2e5cad0 00000054809fe760
0x00000054809fd6c0:   000000000000000b 00007ffb0f602655
0x00000054809fd6d0:   0000024bd2e30000 00007ffb000003ff
0x00000054809fd6e0:   00000000000007a5 0000024bd4fdf580
0x00000054809fd6f0:   61622e6176616a2f 692f6b646a2f6573 

Instructions: (pc=0x00007ffb0f601be9)
0x00007ffb0f601ae9:   48 85 c9 74 1d 80 3d 1b 45 00 00 00 74 06 48 8b
0x00007ffb0f601af9:   53 18 eb 04 48 8b 53 40 e8 ae 0e 00 00 48 83 63
0x00007ffb0f601b09:   48 00 8b 4b 0c 83 f9 ff 74 09 e8 e4 0c 00 00 83
0x00007ffb0f601b19:   4b 0c ff 48 8b 4b 70 48 85 c9 74 0f ba 10 00 00
0x00007ffb0f601b29:   00 e8 fd 0e 00 00 48 83 63 70 00 48 83 c4 20 5b
0x00007ffb0f601b39:   c3 cc cc 40 53 48 83 ec 20 48 8b d9 48 8d 0d d4
0x00007ffb0f601b49:   46 00 00 e8 b3 0c 00 00 83 6b 08 01 75 24 48 8b
0x00007ffb0f601b59:   d3 48 8d 0d b7 44 00 00 e8 22 08 00 00 48 8b cb
0x00007ffb0f601b69:   e8 de fe ff ff ba 78 00 00 00 48 8b cb e8 b1 0e
0x00007ffb0f601b79:   00 00 48 8d 0d 9e 46 00 00 48 83 c4 20 5b e9 80
0x00007ffb0f601b89:   0c 00 00 48 89 5c 24 08 48 89 74 24 10 57 48 83
0x00007ffb0f601b99:   ec 20 41 8b f1 4d 8b c8 48 8b fa 4c 8b d9 4d 85
0x00007ffb0f601ba9:   c0 74 78 85 f6 74 74 44 8a 12 48 8d 5a 01 48 8b
0x00007ffb0f601bb9:   d3 b8 93 01 00 01 eb 12 69 c0 93 01 00 01 41 0f
0x00007ffb0f601bc9:   b6 ca 44 8a 12 33 c1 48 ff c2 45 84 d2 75 e9 4d
0x00007ffb0f601bd9:   8b 03 0f ba f0 1f 33 d2 49 8b cb f7 f6 48 63 c2
0x00007ffb0f601be9:   41 8b 14 81 41 ff 50 08 85 c0 7e 24 8a 0f eb 10
0x00007ffb0f601bf9:   69 c0 93 01 00 01 0f b6 c9 33 c1 8a 0b 48 ff c3
0x00007ffb0f601c09:   84 c9 75 ec 0f ba f0 1f 33 d2 f7 f6 8b c2 eb 0e
0x00007ffb0f601c19:   79 09 83 c9 ff 2b c8 8b c1 eb 03 83 c8 ff 48 8b
0x00007ffb0f601c29:   5c 24 30 48 8b 74 24 38 48 83 c4 20 5f c3 cc 48
0x00007ffb0f601c39:   89 5c 24 08 48 89 74 24 10 57 48 83 ec 20 48 8b
0x00007ffb0f601c49:   f1 48 8d 0d cf 45 00 00 e8 ae 0b 00 00 33 ff 39
0x00007ffb0f601c59:   3d ba 43 00 00 76 24 48 8b 05 b9 43 00 00 48 8b
0x00007ffb0f601c69:   d6 48 8b 1c f8 48 8b 0b e8 64 1e 00 00 85 c0 74
0x00007ffb0f601c79:   2b ff c7 3b 3d 96 43 00 00 72 dc 33 db 48 8d 0d
0x00007ffb0f601c89:   93 45 00 00 e8 7a 0b 00 00 48 8b 74 24 38 48 8b
0x00007ffb0f601c99:   c3 48 8b 5c 24 30 48 83 c4 20 5f c3 ff 43 08 eb
0x00007ffb0f601ca9:   dc cc cc 48 89 5c 24 08 48 89 74 24 10 57 48 83
0x00007ffb0f601cb9:   ec 20 48 8b d9 48 8b f2 48 8b 49 10 49 8b f8 8b
0x00007ffb0f601cc9:   53 30 48 8b 01 ff 50 20 4c 8b 43 50 48 8b d6 48
0x00007ffb0f601cd9:   8b 4b 10 44 8b c8 e8 a8 fe ff ff 83 f8 ff 74 38 



---------------  P R O C E S S  ---------------

VM state: not at safepoint (not fully initialized)

VM Mutex/Monitor currently owned by a thread: None

GC Precious Log:
<Not initialized>


Dynamic libraries:
0x00007ff6f79b0000 - 0x00007ff6f79c0000 	C:\Program Files\Java\jdk-18.0.1.1\bin\java.exe
0x00007ffb22520000 - 0x00007ffb22729000 	C:\Windows\SYSTEM32\ntdll.dll
0x00007ffb20660000 - 0x00007ffb2071d000 	C:\Windows\System32\KERNEL32.DLL
0x00007ffb1fa00000 - 0x00007ffb1fd7d000 	C:\Windows\System32\KERNELBASE.dll
0x00007ffb1cb90000 - 0x00007ffb1cc21000 	C:\Windows\SYSTEM32\apphelp.dll
0x00007ffb1fd80000 - 0x00007ffb1fe91000 	C:\Windows\System32\ucrtbase.dll
0x00007ffb07850000 - 0x00007ffb07868000 	C:\Program Files\Java\jdk-18.0.1.1\bin\jli.dll
0x00007ffb20410000 - 0x00007ffb204be000 	C:\Windows\System32\ADVAPI32.dll
0x00007ffb21e70000 - 0x00007ffb21f13000 	C:\Windows\System32\msvcrt.dll
0x00007ffb20b40000 - 0x00007ffb20bde000 	C:\Windows\System32\sechost.dll
0x00007ffb204e0000 - 0x00007ffb20600000 	C:\Windows\System32\RPCRT4.dll
0x00007ffb208e0000 - 0x00007ffb20a8d000 	C:\Windows\System32\USER32.dll
0x00007ffb1ffd0000 - 0x00007ffb1fff6000 	C:\Windows\System32\win32u.dll
0x00007ffb20c60000 - 0x00007ffb20c89000 	C:\Windows\System32\GDI32.dll
0x00007ffb20000000 - 0x00007ffb20118000 	C:\Windows\System32\gdi32full.dll
0x00007ffb20310000 - 0x00007ffb203ad000 	C:\Windows\System32\msvcp_win.dll
0x00007ffb185b0000 - 0x00007ffb185ba000 	C:\Windows\SYSTEM32\VERSION.dll
0x00007ffb07870000 - 0x00007ffb0788a000 	C:\Program Files\Java\jdk-18.0.1.1\bin\VCRUNTIME140.dll
0x00007ffb05520000 - 0x00007ffb057c5000 	C:\Windows\WinSxS\amd64_microsoft.windows.common-controls_6595b64144ccf1df_6.0.22000.120_none_9d947278b86cc467\COMCTL32.dll
0x00007ffb203b0000 - 0x00007ffb203e1000 	C:\Windows\System32\IMM32.DLL
0x00007ffb148a0000 - 0x00007ffb148ac000 	C:\Program Files\Java\jdk-18.0.1.1\bin\vcruntime140_1.dll
0x00007ffae2fc0000 - 0x00007ffae304d000 	C:\Program Files\Java\jdk-18.0.1.1\bin\msvcp140.dll
0x00007ffabc9a0000 - 0x00007ffabd5b0000 	C:\Program Files\Java\jdk-18.0.1.1\bin\server\jvm.dll
0x00007ffb20b30000 - 0x00007ffb20b38000 	C:\Windows\System32\PSAPI.DLL
0x00007ffb19d50000 - 0x00007ffb19d83000 	C:\Windows\SYSTEM32\WINMM.dll
0x00007ffae85c0000 - 0x00007ffae85c9000 	C:\Windows\SYSTEM32\WSOCK32.dll
0x00007ffb22390000 - 0x00007ffb223ff000 	C:\Windows\System32\WS2_32.dll
0x00007ffb1eac0000 - 0x00007ffb1ead8000 	C:\Windows\SYSTEM32\kernel.appcore.dll
0x00007ffb0f600000 - 0x00007ffb0f60a000 	C:\Program Files\Java\jdk-18.0.1.1\bin\jimage.dll
0x00007ffb1cd10000 - 0x00007ffb1cf31000 	C:\Windows\SYSTEM32\DBGHELP.DLL
0x00007ffb18210000 - 0x00007ffb18241000 	C:\Windows\SYSTEM32\dbgcore.DLL
0x00007ffb20120000 - 0x00007ffb2019f000 	C:\Windows\System32\bcryptPrimitives.dll

dbghelp: loaded successfully - version: 4.0.5 - missing functions: none
symbol engine: initialized successfully - sym options: 0x614 - pdb path: .;C:\Program Files\Java\jdk-18.0.1.1\bin;C:\Windows\SYSTEM32;C:\Windows\WinSxS\amd64_microsoft.windows.common-controls_6595b64144ccf1df_6.0.22000.120_none_9d947278b86cc467;C:\Program Files\Java\jdk-18.0.1.1\bin\server

VM Arguments:
java_command: <unknown>
java_class_path (initial): <not set>
Launcher Type: SUN_STANDARD

[Global flags]
     bool UseLargePagesIndividualAllocation        = false                                  {pd product} {ergonomic}

Logging:
Log output configuration:
 #0: stdout all=warning uptime,level,tags foldmultilines=false
 #1: stderr all=off uptime,level,tags foldmultilines=false

Environment Variables:
PATH=C:\Program Files\Common Files\Oracle\Java\javapath;C:\Python310\Scripts\;C:\Python310\;C:\Windows\system32;C:\Windows;C:\Windows\System32\Wbem;C:\Windows\System32\WindowsPowerShell\v1.0\;C:\Windows\System32\OpenSSH\;C:\Program Files\nodejs\;C:\ProgramData\chocolatey\bin;C:\Program Files\dotnet\;C:\Program Files\gradle-7.5-bin\gradle-7.5\bin;C:\Program Files\Java\jdk-18.0.1.1\bin;C:\Program Files\Docker\Docker\resources\bin;C:\ProgramData\DockerDesktop\version-bin;C:\Program Files\Git\cmd;C:\Users\adede\AppData\Local\Microsoft\WindowsApps;C:\Users\adede\AppData\Local\Programs\Microsoft VS Code\bin;C:\Users\adede\AppData\Roaming\npm;C:\Users\adede\AppData\Local\GitHubDesktop\bin;C:\Program Files\JetBrains\IntelliJ IDEA Community Edition 2022.1.3\bin;;C:\Program Files\gradle-7.5-bin\gradle-7.5\bin;
USERNAME=adede
OS=Windows_NT
PROCESSOR_IDENTIFIER=Intel64 Family 6 Model 142 Stepping 12, GenuineIntel



---------------  S Y S T E M  ---------------

OS:
 Windows 11 , 64 bit Build 22000 (10.0.22000.708)
OS uptime: 6 days 10:30 hours

CPU: total 8 (initial active 0) 

Memory: 4k page, system-wide physical 8025M (277M free)
TotalPageFile size 32601M (AvailPageFile size 17M)
current process WorkingSet (physical memory assigned to process): 8M, peak: 8M
current process commit charge ("private bytes"): 3M, peak: 3M

vm_info: Java HotSpot(TM) 64-Bit Server VM (18.0.1.1+2-6) for windows-amd64 JRE (18.0.1.1+2-6), built on Apr 25 2022 21:53:15 by "mach5one" with MS VC++ 16.8 / 16.9 (VS2019)

END.
