#
# There is insufficient memory for the Java Runtime Environment to continue.
# Native memory allocation (malloc) failed to allocate 1048576 bytes for AllocateHeap
# Possible reasons:
#   The system is out of physical RAM or swap space
#   The process is running with CompressedOops enabled, and the Java Heap may be blocking the growth of the native heap
# Possible solutions:
#   Reduce memory load on the system
#   Increase physical memory or swap space
#   Check if swap backing store is full
#   Decrease Java heap size (-Xmx/-Xms)
#   Decrease number of Java threads
#   Decrease Java thread stack sizes (-Xss)
#   Set larger code cache with -XX:ReservedCodeCacheSize=
#   JVM is running with Unscaled Compressed Oops mode in which the Java heap is
#     placed in the first 4GB address space. The Java Heap base address is the
#     maximum limit for the native heap growth. Please use -XX:HeapBaseMinAddress
#     to set the Java Heap base and to place the Java Heap above 4GB virtual address.
# This output file may be truncated or incomplete.
#
#  Out of Memory Error (allocation.cpp:44), pid=14700, tid=75032
#
# JRE version:  (18.0.1.1+2) (build )
# Java VM: Java HotSpot(TM) 64-Bit Server VM (18.0.1.1+2-6, mixed mode, sharing, tiered, compressed oops, compressed class ptrs, g1 gc, windows-amd64)
# No core dump will be written. Minidumps are not enabled by default on client versions of Windows
#

---------------  S U M M A R Y ------------

Command Line: -Dfile.encoding=windows-1252 -Duser.country=US -Duser.language=en -Duser.variant backend.App.App

Host: Intel(R) Core(TM) i5-10210U CPU @ 1.60GHz, 8 cores, 7G,  Windows 11 , 64 bit Build 22000 (10.0.22000.708)
Time: Wed Aug 17 22:58:54 2022 Eastern Daylight Time elapsed time: 0.014240 seconds (0d 0h 0m 0s)

---------------  T H R E A D  ---------------

Current thread (0x000001d2a22d7b70):  JavaThread "Unknown thread" [_thread_in_vm, id=75032, stack(0x0000006fa4e00000,0x0000006fa4f00000)]

Stack: [0x0000006fa4e00000,0x0000006fa4f00000]
Native frames: (J=compiled Java code, j=interpreted, Vv=VM code, C=native code)
V  [jvm.dll+0x69887a]
V  [jvm.dll+0x7f38bd]
V  [jvm.dll+0x7f51ce]
V  [jvm.dll+0x7f5883]
V  [jvm.dll+0x25ca3f]
V  [jvm.dll+0xb31af]
V  [jvm.dll+0x2f7929]
V  [jvm.dll+0x7c24bb]
V  [jvm.dll+0x38b801]
V  [jvm.dll+0x7a1203]
V  [jvm.dll+0x40d6bf]
V  [jvm.dll+0x40f091]
C  [jli.dll+0x526b]
C  [ucrtbase.dll+0x26c0c]
C  [KERNEL32.DLL+0x154e0]
C  [ntdll.dll+0x485b]


---------------  P R O C E S S  ---------------

Threads class SMR info:
_java_thread_list=0x00007ffab5e0d550, length=0, elements={
}

Java Threads: ( => current thread )

Other Threads:

=>0x000001d2a22d7b70 (exited) JavaThread "Unknown thread" [_thread_in_vm, id=75032, stack(0x0000006fa4e00000,0x0000006fa4f00000)]

Threads with active compile tasks:

VM state: not at safepoint (not fully initialized)

VM Mutex/Monitor currently owned by a thread: None

Heap address: 0x0000000000000000, size: 0 MB, Compressed Oops mode: 32-bit

CDS archive(s) mapped at: [0x0000000000000000-0x0000000000000000-0x0000000000000000), size 0, SharedBaseAddress: 0x0000000800000000, ArchiveRelocationMode: 0.
Narrow klass base: 0x0000000000000000, Narrow klass shift: 0, Narrow klass range: 0x0

GC Precious Log:
 CardTable entry size: 512
 Card Set container configuration: InlinePtr #cards 5 size 8 Array Of Cards #cards 12 size 40 Howl #buckets 4 coarsen threshold 1843 Howl Bitmap #cards 512 size 80 coarsen threshold 460 Card regions per heap region 1 cards per card region 2048

GC Heap History (0 events):
No events

Deoptimization events (0 events):
No events

Classes loaded (0 events):
No events

Classes unloaded (0 events):
No events

Classes redefined (0 events):
No events

Internal exceptions (0 events):
No events

VM Operations (0 events):
No events

Events (1 events):
Event: 0.011 Loaded shared library C:\Program Files\Java\jdk-18.0.1.1\bin\java.dll


Dynamic libraries:
0x00007ff7d1440000 - 0x00007ff7d1450000 	C:\Program Files\Java\jdk-18.0.1.1\bin\java.exe
0x00007ffb22520000 - 0x00007ffb22729000 	C:\Windows\SYSTEM32\ntdll.dll
0x00007ffb20660000 - 0x00007ffb2071d000 	C:\Windows\System32\KERNEL32.DLL
0x00007ffb1fa00000 - 0x00007ffb1fd7d000 	C:\Windows\System32\KERNELBASE.dll
0x00007ffb1fd80000 - 0x00007ffb1fe91000 	C:\Windows\System32\ucrtbase.dll
0x00007ffb08910000 - 0x00007ffb0892a000 	C:\Program Files\Java\jdk-18.0.1.1\bin\VCRUNTIME140.dll
0x00007ffb088f0000 - 0x00007ffb08908000 	C:\Program Files\Java\jdk-18.0.1.1\bin\jli.dll
0x00007ffb20410000 - 0x00007ffb204be000 	C:\Windows\System32\ADVAPI32.dll
0x00007ffb21e70000 - 0x00007ffb21f13000 	C:\Windows\System32\msvcrt.dll
0x00007ffb20b40000 - 0x00007ffb20bde000 	C:\Windows\System32\sechost.dll
0x00007ffb204e0000 - 0x00007ffb20600000 	C:\Windows\System32\RPCRT4.dll
0x00007ffb208e0000 - 0x00007ffb20a8d000 	C:\Windows\System32\USER32.dll
0x00007ffb1ffd0000 - 0x00007ffb1fff6000 	C:\Windows\System32\win32u.dll
0x00007ffb20c60000 - 0x00007ffb20c89000 	C:\Windows\System32\GDI32.dll
0x00007ffb05520000 - 0x00007ffb057c5000 	C:\Windows\WinSxS\amd64_microsoft.windows.common-controls_6595b64144ccf1df_6.0.22000.120_none_9d947278b86cc467\COMCTL32.dll
0x00007ffb20000000 - 0x00007ffb20118000 	C:\Windows\System32\gdi32full.dll
0x00007ffb20310000 - 0x00007ffb203ad000 	C:\Windows\System32\msvcp_win.dll
0x00007ffb185b0000 - 0x00007ffb185ba000 	C:\Windows\SYSTEM32\VERSION.dll
0x00007ffb203b0000 - 0x00007ffb203e1000 	C:\Windows\System32\IMM32.DLL
0x00007ffb18880000 - 0x00007ffb1888c000 	C:\Program Files\Java\jdk-18.0.1.1\bin\vcruntime140_1.dll
0x00007ffae42f0000 - 0x00007ffae437d000 	C:\Program Files\Java\jdk-18.0.1.1\bin\msvcp140.dll
0x00007ffab5330000 - 0x00007ffab5f40000 	C:\Program Files\Java\jdk-18.0.1.1\bin\server\jvm.dll
0x00007ffb20b30000 - 0x00007ffb20b38000 	C:\Windows\System32\PSAPI.DLL
0x00007ffae85c0000 - 0x00007ffae85c9000 	C:\Windows\SYSTEM32\WSOCK32.dll
0x00007ffb19d50000 - 0x00007ffb19d83000 	C:\Windows\SYSTEM32\WINMM.dll
0x00007ffb22390000 - 0x00007ffb223ff000 	C:\Windows\System32\WS2_32.dll
0x00007ffb1eac0000 - 0x00007ffb1ead8000 	C:\Windows\SYSTEM32\kernel.appcore.dll
0x00007ffb08690000 - 0x00007ffb0869a000 	C:\Program Files\Java\jdk-18.0.1.1\bin\jimage.dll
0x00007ffb1cd10000 - 0x00007ffb1cf31000 	C:\Windows\SYSTEM32\DBGHELP.DLL
0x00007ffb18210000 - 0x00007ffb18241000 	C:\Windows\SYSTEM32\dbgcore.DLL
0x00007ffb20120000 - 0x00007ffb2019f000 	C:\Windows\System32\bcryptPrimitives.dll
0x00007ffb08660000 - 0x00007ffb08685000 	C:\Program Files\Java\jdk-18.0.1.1\bin\java.dll

dbghelp: loaded successfully - version: 4.0.5 - missing functions: none
symbol engine: initialized successfully - sym options: 0x614 - pdb path: .;C:\Program Files\Java\jdk-18.0.1.1\bin;C:\Windows\SYSTEM32;C:\Windows\WinSxS\amd64_microsoft.windows.common-controls_6595b64144ccf1df_6.0.22000.120_none_9d947278b86cc467;C:\Program Files\Java\jdk-18.0.1.1\bin\server

VM Arguments:
jvm_args: -Dfile.encoding=windows-1252 -Duser.country=US -Duser.language=en -Duser.variant 
java_command: backend.App.App
java_class_path (initial): C:\Users\adede\Documents\Projects\Web Projects\revature\TMRS\BackEnd\app\build\classes\java\main;C:\Users\adede\Documents\Projects\Web Projects\revature\TMRS\BackEnd\app\build\resources\main;C:\Users\adede\.gradle\caches\modules-2\files-2.1\com.google.guava\guava\30.1.1-jre\87e0fd1df874ea3cbe577702fe6f17068b790fd8\guava-30.1.1-jre.jar;C:\Users\adede\.gradle\caches\modules-2\files-2.1\io.javalin\javalin\4.6.4\b49de0674f39ec5c09530e9e2e48c418b79c5846\javalin-4.6.4.jar;C:\Users\adede\.gradle\caches\modules-2\files-2.1\org.slf4j\slf4j-simple\1.8.0-beta4\1531950ac50afd70a4d02f10b6aaf6d6a6a7669e\slf4j-simple-1.8.0-beta4.jar;C:\Users\adede\.gradle\caches\modules-2\files-2.1\com.google.code.gson\gson\2.9.0\8a1167e089096758b49f9b34066ef98b2f4b37aa\gson-2.9.0.jar;C:\Users\adede\.gradle\caches\modules-2\files-2.1\org.postgresql\postgresql\42.4.0\21ff952426bbfe4a041c175407333d4a07c70931\postgresql-42.4.0.jar;C:\Users\adede\.gradle\caches\modules-2\files-2.1\com.google.guava\failureaccess\1.0.1\1dcf1de382a0bf95a3d8b0849546c88bac1292c9\failureaccess-1.0.1.jar;C:\Users\adede\.gradle\caches\modules-2\files-2.1\com.google.guava\listenablefuture\9999.0-empty-to-avoid-conflict-with-guava\b421526c5f297295adef1c886e5246c39d4ac629\listenablefuture-9999.0-empty-to-avoid-conflict-with-guava.jar;C:\Users\adede\.gradle\caches\modules-2\files-2.1\com.google.code.findbugs\jsr305\3.0.2\25ea2e8b0c338a877313bd4672d3fe056ea78f0d\jsr305-3.0.2.jar;C:\Users\adede\.gradle\caches\modules-2\files-2.1\org.checkerframework\checker-qual\3.8.0\6b83e4a33220272c3a08991498ba9dc09519f190\checker-qual-3.8.0.jar;C:\Users\adede\.gradle\caches\modules-2\files-2.1\com.google.errorprone\error_prone_annotations\2.5.1\562d366678b89ce5d6b6b82c1a073880341e3fba\error_prone_annotations-2.5.1.jar;C:\Users\adede\.gradle\caches\modules-2\files-2.1\com.google.j2objc\j2objc-annotations\1.3\ba035118bc8bac37d7eff77700720999acd9986d\j2objc-annotations-1.3.jar;C:\Users\adede\.gradle\caches\modules-2\files-2.1\org.slf4j\slf4j-api\1.8.0-beta4\83b0359d847ee053d745be7ec0d8e9e8a44304b4\slf4j-api-1.8.0-beta4.jar;C:\Users\adede\.gradle\caches\modules-2\files-2.1\org.eclipse.jetty\jetty-webapp\9.4.48.v20220622\9317a8518674c54b5ed9ec5ece8fcad92af91802\jetty-webapp-9.4.48.v20220622.jar;C:\Users\adede\.gradle\caches\modules-2\files-2.1\org.eclipse.jetty.websocket\websocket-server\9.4.48.v20220622\317d5fcb9f4a11265201546a0f55a0c2f4b1dd5c\websocket-server-9.4.48.v20220622.jar;C:\Users\adede\.gradle\caches\modules-2\files-2.1\org.eclipse.jetty\jetty-servlet\9.4.48.v20220622\8a9a53e0aad3f194a4cc9940f7e9d5619254bf62\jetty-servlet-9.4.48.v20220622.jar;C:\Users\adede\.gradle\caches\modules-2\files-2.1\org.eclipse.jetty\jetty-security\9.4.48.v20220622\6114f92529e9cff489528e6be77b48526a92d577\jetty-security-9.4.48.v20220622.jar;C:\Users\adede\.gradle\caches\modules-2\files-2.1\org.eclipse.jetty\jetty-server\9.4.48.v20220622\b91a0641cda31c93962503b88f783602d2bd8093\jetty-server-9.4.48.v20220622.jar;C:\Users\adede\.gradle\caches\modules-2\files-2.1\org.jetbrains.kotlin\kotlin-stdlib-jdk8\1.5.32\2d6cb56872e6c1e27ddc53ebf844fdb09879df82\kotlin-stdlib-jdk8-1.5.32.jar;C:\Users\adede\.gradle\caches\modules-2\files-2.1\org.eclipse.jetty.websocket\websocket-servlet\9.4.48.v20220622\6216200152965667066df70b65698e3a063e383d\websocket-servlet-9.4.48.v20220622.jar;C:\Users\adede\.gradle\caches\modules-2\files-2.1\javax.servlet\javax.servlet-api\3.1.0\3cd63d075497751784b2fa84be59432f4905bf7c\javax.servlet-api-3.1.0.jar;C:\Users\adede\.gradle\caches\modules-2\files-2.1\org.eclipse.jetty.websocket\websocket-client\9.4.48.v20220622\e5536fc714ab049505f99ad799a831f7be36bbf0\websocket-client-9.4.48.v20220622.jar;C:\Users\adede\.gradle\caches\modules-2\files-2.1\org.eclipse.jetty\jetty-client\9.4.48.v20220622\fc2e953a7030045e1ca467d57e200856a170848e\jetty-client-9.4.48.v20220622.jar;C:\Users\adede\.gradle\caches\modules-2\files-2.1\org.eclipse.jetty\jetty-http\9.4.48.v20220622\8cb235e70bda0c5e97a41e7ee0ea33ee7f5bcc6a\jetty-http-9.4.48.v20220622.jar;C:\Users\adede\.gradle\caches\modules-2\files-2.1\org.eclipse.jetty.websocket\websocket-common\9.4.48.v20220622\3953122cd495f64ff72831e889a5a661631f580\websocket-common-9.4.48.v20220622.jar;C:\Users\adede\.gradle\caches\modules-2\files-2.1\org.eclipse.jetty\jetty-io\9.4.48.v20220622\b09b55209d0a304e542f779750a01f6914dc55e7\jetty-io-9.4.48.v20220622.jar;C:\Users\adede\.gradle\caches\modules-2\files-2.1\org.eclipse.jetty\jetty-xml\9.4.48.v20220622\2c8b7ad6b64437a693cd30666f3def666aac8207\jetty-xml-9.4.48.v20220622.jar;C:\Users\adede\.gradle\caches\modules-2\files-2.1\org.jetbrains.kotlin\kotlin-stdlib-jdk7\1.5.32\2e8f666555c2a6bf10ef712be8a738e665132c8\kotlin-stdlib-jdk7-1.5.32.jar;C:\Users\adede\.gradle\caches\modules-2\files-2.1\org.jetbrains.kotlin\kotlin-stdlib\1.5.32\a1f8a73f899b85e6eb4337dff7e81b8b914bd2c9\kotlin-stdlib-1.5.32.jar;C:\Users\adede\.gradle\caches\modules-2\files-2.1\org.eclipse.jetty\jetty-util-ajax\9.4.48.v20220622\def39454993d094df10b1689592d235e636d7dde\jetty-util-ajax-9.4.48.v20220622.jar;C:\Users\adede\.gradle\caches\modules-2\files-2.1\org.eclipse.jetty\jetty-util\9.4.48.v20220622\7efc06f7ec0ff33d8c219bcc8c7415280c103669\jetty-util-9.4.48.v20220622.jar;C:\Users\adede\.gradle\caches\modules-2\files-2.1\org.eclipse.jetty.websocket\websocket-api\9.4.48.v20220622\76523923d4a5efabe05c2a7aa120282ac1db8c79\websocket-api-9.4.48.v20220622.jar;C:\Users\adede\.gradle\caches\modules-2\files-2.1\org.jetbrains\annotations\13.0\919f0dfe192fb4e063e7dacadee7f8bb9a2672a9\annotations-13.0.jar;C:\Users\adede\.gradle\caches\modules-2\files-2.1\org.jetbrains.kotlin\kotlin-stdlib-common\1.5.32\8befc4a20c17094a148f1409c1bac163bc3ca630\kotlin-stdlib-common-1.5.32.jar
Launcher Type: SUN_STANDARD

[Global flags]
     intx CICompilerCount                          = 4                                         {product} {ergonomic}
     uint ConcGCThreads                            = 2                                         {product} {ergonomic}
     uint G1ConcRefinementThreads                  = 8                                         {product} {ergonomic}
   size_t G1HeapRegionSize                         = 1048576                                   {product} {ergonomic}
    uintx GCDrainStackTargetSize                   = 64                                        {product} {ergonomic}
   size_t InitialHeapSize                          = 132120576                                 {product} {ergonomic}
   size_t MarkStackSize                            = 4194304                                   {product} {ergonomic}
   size_t MaxHeapSize                              = 2105540608                                {product} {ergonomic}
   size_t MinHeapDeltaBytes                        = 1048576                                   {product} {ergonomic}
   size_t MinHeapSize                              = 8388608                                   {product} {ergonomic}
    uintx NonNMethodCodeHeapSize                   = 5839372                                {pd product} {ergonomic}
    uintx NonProfiledCodeHeapSize                  = 122909434                              {pd product} {ergonomic}
    uintx ProfiledCodeHeapSize                     = 122909434                              {pd product} {ergonomic}
    uintx ReservedCodeCacheSize                    = 251658240                              {pd product} {ergonomic}
     bool SegmentedCodeCache                       = true                                      {product} {ergonomic}
   size_t SoftMaxHeapSize                          = 2105540608                             {manageable} {ergonomic}
     bool UseCompressedClassPointers               = true                           {product lp64_product} {ergonomic}
     bool UseCompressedOops                        = true                           {product lp64_product} {ergonomic}
     bool UseG1GC                                  = true                                      {product} {ergonomic}
     bool UseLargePagesIndividualAllocation        = false                                  {pd product} {ergonomic}

Logging:
Log output configuration:
 #0: stdout all=warning uptime,level,tags foldmultilines=false
 #1: stderr all=off uptime,level,tags foldmultilines=false

Environment Variables:
PATH=C:\Program Files\Common Files\Oracle\Java\javapath;C:\Python310\Scripts\;C:\Python310\;C:\Windows\system32;C:\Windows;C:\Windows\System32\Wbem;C:\Windows\System32\WindowsPowerShell\v1.0\;C:\Windows\System32\OpenSSH\;C:\Program Files\nodejs\;C:\ProgramData\chocolatey\bin;C:\Program Files\dotnet\;C:\Program Files\gradle-7.5-bin\gradle-7.5\bin;C:\Program Files\Java\jdk-18.0.1.1\bin;C:\Program Files\Docker\Docker\resources\bin;C:\ProgramData\DockerDesktop\version-bin;C:\Program Files\Git\cmd;C:\Users\adede\AppData\Local\Microsoft\WindowsApps;C:\Users\adede\AppData\Local\Programs\Microsoft VS Code\bin;C:\Users\adede\AppData\Roaming\npm;C:\Users\adede\AppData\Local\GitHubDesktop\bin;C:\Program Files\JetBrains\IntelliJ IDEA Community Edition 2022.1.3\bin;;C:\Program Files\gradle-7.5-bin\gradle-7.5\bin;
USERNAME=adede
OS=Windows_NT
PROCESSOR_IDENTIFIER=Intel64 Family 6 Model 142 Stepping 12, GenuineIntel



---------------  S Y S T E M  ---------------

OS:
 Windows 11 , 64 bit Build 22000 (10.0.22000.708)
OS uptime: 6 days 13:51 hours
Hyper-V role detected

CPU: total 8 (initial active 8) (4 cores per cpu, 2 threads per core) family 6 model 142 stepping 12 microcode 0xec, cx8, cmov, fxsr, ht, mmx, 3dnowpref, sse, sse2, sse3, ssse3, sse4.1, sse4.2, popcnt, lzcnt, tsc, tscinvbit, avx, avx2, aes, erms, clmul, bmi1, bmi2, adx, fma, vzeroupper, clflush, clflushopt, hv

Memory: 4k page, system-wide physical 8025M (391M free)
TotalPageFile size 32601M (AvailPageFile size 6M)
current process WorkingSet (physical memory assigned to process): 10M, peak: 10M
current process commit charge ("private bytes"): 18M, peak: 19M

vm_info: Java HotSpot(TM) 64-Bit Server VM (18.0.1.1+2-6) for windows-amd64 JRE (18.0.1.1+2-6), built on Apr 25 2022 21:53:15 by "mach5one" with MS VC++ 16.8 / 16.9 (VS2019)

END.
